{"message":{"type":"Buffer","data":[120,120,34,34,15,12,29,2,51,5,201,2,122,200,24,12,70,88,96,0,20,0,1,204,0,40,125,0,31,113,0,0,1,0,8,32,134,13,10]},"level":"info"}
{"message":{"type":"Buffer","data":[120,120,34,34,15,12,29,2,51,5,201,2,122,200,24,12,70,88,96,0,20,0,1,204,0,40,125,0,31,113,0,0,1,0,8,32,134,13,10]},"level":"info"}
{"message":{"type":"Buffer","data":[120,120,34,34,15,12,29,2,51,5,201,2,122,200,24,12,70,88,96,0,20,0,1,204,0,40,125,0,31,113,0,0,1,0,8,32,134,13,10]},"level":"info"}
{"message":{"type":"Buffer","data":[120,120,34,34,15,12,29,2,51,5,201,2,122,200,24,12,70,88,96,0,20,0,1,204,0,40,125,0,31,113,0,0,1,0,8,32,134,13,10]},"level":"info"}
{"message":{"type":"Buffer","data":[120,120,34,34,15,12,29,2,51,5,201,2,122,200,24,12,70,88,96,0,20,0,1,204,0,40,125,0,31,113,0,0,1,0,8,32,134,13,10]},"level":"info"}
{"message":{"type":"Buffer","data":[120,120,34,34,15,12,29,2,51,5,201,2,122,200,24,12,70,88,96,0,20,0,1,204,0,40,125,0,31,113,0,0,1,0,8,32,134,13,10]},"level":"info"}
{"message":{"type":"Buffer","data":[120,120,34,34,15,12,29,2,51,5,201,2,122,200,24,12,70,88,96,0,20,0,1,204,0,40,125,0,31,113,0,0,1,0,8,32,134,13,10]},"level":"info"}
{"message":{"type":"Buffer","data":[120,120,34,34,15,12,29,2,51,5,201,2,122,200,24,12,70,88,96,0,20,0,1,204,0,40,125,0,31,113,0,0,1,0,8,32,134,13,10]},"level":"info"}
{"message":{"type":"Buffer","data":[120,120,34,34,15,12,29,2,51,5,201,2,122,200,24,12,70,88,96,0,20,0,1,204,0,40,125,0,31,113,0,0,1,0,8,32,134,13,10]},"level":"info"}
{"message":{"type":"Buffer","data":[120,120,34,34,15,12,29,2,51,5,201,2,122,200,24,12,70,88,96,0,20,0,1,204,0,40,125,0,31,113,0,0,1,0,8,32,134,13,10]},"level":"info"}
{"message":{"type":"Buffer","data":[120,120,34,34,15,12,29,2,51,5,201,2,122,200,24,12,70,88,96,0,20,0,1,204,0,40,125,0,31,113,0,0,1,0,8,32,134,13,10]},"level":"info"}
{"message":{"type":"Buffer","data":[120,120,34,34,15,12,29,2,51,5,201,2,122,200,24,12,70,88,96,0,20,0,1,204,0,40,125,0,31,113,0,0,1,0,8,32,134,13,10]},"level":"info"}
{"message":{"type":"Buffer","data":[120,120,34,34,15,12,29,2,51,5,201,2,122,200,24,12,70,88,96,0,20,0,1,204,0,40,125,0,31,113,0,0,1,0,8,32,134,13,10]},"level":"info"}
{"message":{"type":"Buffer","data":[120,120,34,34,15,12,29,2,51,5,201,2,122,200,24,12,70,88,96,0,20,0,1,204,0,40,125,0,31,113,0,0,1,0,8,32,134,13,10]},"level":"info"}
{"message":{"type":"Buffer","data":[120,120,34,34,15,12,29,2,51,5,201,2,122,200,24,12,70,88,96,0,20,0,1,204,0,40,125,0,31,113,0,0,1,0,8,32,134,13,10]},"level":"info"}
{"message":{"type":"Buffer","data":[120,120,34,34,15,12,29,2,51,5,201,2,122,200,24,12,70,88,96,0,20,0,1,204,0,40,125,0,31,113,0,0,1,0,8,32,134,13,10]},"level":"info"}
{"message":{"type":"Buffer","data":[120,120,34,34,15,12,29,2,51,5,201,2,122,200,24,12,70,88,96,0,20,0,1,204,0,40,125,0,31,113,0,0,1,0,8,32,134,13,10]},"level":"info"}
{"message":{"type":"Buffer","data":[120,120,34,34,15,12,29,2,51,5,201,2,122,200,24,12,70,88,96,0,20,0,1,204,0,40,125,0,31,113,0,0,1,0,8,32,134,13,10]},"level":"info"}
{"message":{"type":"Buffer","data":[120,120,34,34,15,12,29,2,51,5,201,2,122,200,24,12,70,88,96,0,20,0,1,204,0,40,125,0,31,113,0,0,1,0,8,32,134,13,10]},"level":"info"}
{"message":{"type":"Buffer","data":[120,120,34,34,15,12,29,2,51,5,201,2,122,200,24,12,70,88,96,0,20,0,1,204,0,40,125,0,31,113,0,0,1,0,8,32,134,13,10]},"level":"info"}
{"message":{"type":"Buffer","data":[120,120,34,34,15,12,29,2,51,5,201,2,122,200,24,12,70,88,96,0,20,0,1,204,0,40,125,0,31,113,0,0,1,0,8,32,134,13,10]},"level":"info"}
{"message":{"type":"Buffer","data":[120,120,34,34,15,12,29,2,51,5,201,2,122,200,24,12,70,88,96,0,20,0,1,204,0,40,125,0,31,113,0,0,1,0,8,32,134,13,10]},"level":"info"}
{"message":{"type":"Buffer","data":[120,120,34,34,15,12,29,2,51,5,201,2,122,200,24,12,70,88,96,0,20,0,1,204,0,40,125,0,31,113,0,0,1,0,8,32,134,13,10]},"level":"info"}
{"message":{"type":"Buffer","data":[120,120,34,34,15,12,29,2,51,5,201,2,122,200,24,12,70,88,96,0,20,0,1,204,0,40,125,0,31,113,0,0,1,0,8,32,134,13,10]},"level":"info"}
{"message":{"type":"Buffer","data":[120,120,34,34,15,12,29,2,51,5,201,2,122,200,24,12,70,88,96,0,20,0,1,204,0,40,125,0,31,113,0,0,1,0,8,32,134,13,10]},"level":"info"}
{"message":{"type":"Buffer","data":[120,120,34,34,15,12,29,2,51,5,201,2,122,200,24,12,70,88,96,0,20,0,1,204,0,40,125,0,31,113,0,0,1,0,8,32,134,13,10]},"level":"info"}
{"message":{"type":"Buffer","data":[120,120,34,34,15,12,29,2,51,5,201,2,122,200,24,12,70,88,96,0,20,0,1,204,0,40,125,0,31,113,0,0,1,0,8,32,134,13,10]},"level":"info"}
{"message":{"type":"Buffer","data":[120,120,34,34,15,12,29,2,51,5,201,2,122,200,24,12,70,88,96,0,20,0,1,204,0,40,125,0,31,113,0,0,1,0,8,32,134,13,10]},"level":"info"}
{"message":{"type":"Buffer","data":[120,120,34,34,15,12,29,2,51,5,201,2,122,200,24,12,70,88,96,0,20,0,1,204,0,40,125,0,31,113,0,0,1,0,8,32,134,13,10]},"level":"info"}
{"message":{"type":"Buffer","data":[120,120,34,34,15,12,29,2,51,5,201,2,122,200,24,12,70,88,96,0,20,0,1,204,0,40,125,0,31,113,0,0,1,0,8,32,134,13,10]},"level":"info"}
{"message":{"type":"Buffer","data":[120,120,34,34,15,12,29,2,51,5,201,2,122,200,24,12,70,88,96,0,20,0,1,204,0,40,125,0,31,113,0,0,1,0,8,32,134,13,10]},"level":"info"}
{"message":{"type":"Buffer","data":[120,120,34,34,15,12,29,2,51,5,201,2,122,200,24,12,70,88,96,0,20,0,1,204,0,40,125,0,31,113,0,0,1,0,8,32,134,13,10]},"level":"info"}
{"message":{"type":"Buffer","data":[120,120,34,34,15,12,29,2,51,5,201,2,122,200,24,12,70,88,96,0,20,0,1,204,0,40,125,0,31,113,0,0,1,0,8,32,134,13,10]},"level":"info"}
{"message":{"type":"Buffer","data":[120,120,34,34,15,12,29,2,51,5,201,2,122,200,24,12,70,88,96,0,20,0,1,204,0,40,125,0,31,113,0,0,1,0,8,32,134,13,10]},"level":"info"}
{"message":{"type":"Buffer","data":[120,120,34,34,15,12,29,2,51,5,201,2,122,200,24,12,70,88,96,0,20,0,1,204,0,40,125,0,31,113,0,0,1,0,8,32,134,13,10]},"level":"info"}
{"message":{"type":"Buffer","data":[120,120,34,34,15,12,29,2,51,5,201,2,122,200,24,12,70,88,96,0,20,0,1,204,0,40,125,0,31,113,0,0,1,0,8,32,134,13,10]},"level":"info"}
{"message":{"type":"Buffer","data":[120,120,34,34,15,12,29,2,51,5,201,2,122,200,24,12,70,88,96,0,20,0,1,204,0,40,125,0,31,113,0,0,1,0,8,32,134,13,10]},"level":"info"}
{"message":{"type":"Buffer","data":[120,120,34,34,15,12,29,2,51,5,201,2,122,200,24,12,70,88,96,0,20,0,1,204,0,40,125,0,31,113,0,0,1,0,8,32,134,13,10]},"level":"info"}
{"message":{"type":"Buffer","data":[120,120,34,34,15,12,29,2,51,5,201,2,122,200,24,12,70,88,96,0,20,0,1,204,0,40,125,0,31,113,0,0,1,0,8,32,134,13,10]},"level":"info"}
{"message":{"type":"Buffer","data":[120,120,34,34,15,12,29,2,51,5,201,2,122,200,24,12,70,88,96,0,20,0,1,204,0,40,125,0,31,113,0,0,1,0,8,32,134,13,10]},"level":"info"}
{"message":{"type":"Buffer","data":[120,120,34,34,15,12,29,2,51,5,201,2,122,200,24,12,70,88,96,0,20,0,1,204,0,40,125,0,31,113,0,0,1,0,8,32,134,13,10]},"level":"info"}
